C:\USERS\KIRILL\DESKTOP\TEST\ECO.LAB2\ECO.CALCULATORA\ASSEMBLYFILES\WINDOWS\VISUALSTUDIO_10\ECO.CALCULATORA\DYNAMICDEBUG\4828F6552E4540E78121EBD220DC360E.DLL.INTERMEDIATE.MANIFEST
C:\USERS\KIRILL\DESKTOP\TEST\ECO.LAB2\ECO.CALCULATORA\ASSEMBLYFILES\WINDOWS\VISUALSTUDIO_10\ECO.CALCULATORA\DYNAMICDEBUG\CECOCALCULATORA.OBJ
C:\USERS\KIRILL\DESKTOP\TEST\ECO.LAB2\ECO.CALCULATORA\ASSEMBLYFILES\WINDOWS\VISUALSTUDIO_10\ECO.CALCULATORA\DYNAMICDEBUG\CECOCALCULATORAFACTORY.OBJ
C:\Users\Kirill\Desktop\TEST\Eco.Lab2\Eco.CalculatorA\AssemblyFiles\Windows\VisualStudio_10\Eco.CalculatorA\DynamicDebug\cl.command.1.tlog
C:\Users\Kirill\Desktop\TEST\Eco.Lab2\Eco.CalculatorA\AssemblyFiles\Windows\VisualStudio_10\Eco.CalculatorA\DynamicDebug\CL.read.1.tlog
C:\Users\Kirill\Desktop\TEST\Eco.Lab2\Eco.CalculatorA\AssemblyFiles\Windows\VisualStudio_10\Eco.CalculatorA\DynamicDebug\CL.write.1.tlog
C:\Users\Kirill\Desktop\TEST\Eco.Lab2\Eco.CalculatorA\AssemblyFiles\Windows\VisualStudio_10\Eco.CalculatorA\DynamicDebug\Eco.CalculatorA.write.1.tlog
C:\Users\Kirill\Desktop\TEST\Eco.Lab2\Eco.CalculatorA\AssemblyFiles\Windows\VisualStudio_10\Eco.CalculatorA\DynamicDebug\link.command.1.tlog
C:\Users\Kirill\Desktop\TEST\Eco.Lab2\Eco.CalculatorA\AssemblyFiles\Windows\VisualStudio_10\Eco.CalculatorA\DynamicDebug\link.read.1.tlog
C:\Users\Kirill\Desktop\TEST\Eco.Lab2\Eco.CalculatorA\AssemblyFiles\Windows\VisualStudio_10\Eco.CalculatorA\DynamicDebug\link.write.1.tlog
C:\Users\Kirill\Desktop\TEST\Eco.Lab2\Eco.CalculatorA\AssemblyFiles\Windows\VisualStudio_10\Eco.CalculatorA\DynamicDebug\mt.command.1.tlog
C:\Users\Kirill\Desktop\TEST\Eco.Lab2\Eco.CalculatorA\AssemblyFiles\Windows\VisualStudio_10\Eco.CalculatorA\DynamicDebug\mt.read.1.tlog
C:\Users\Kirill\Desktop\TEST\Eco.Lab2\Eco.CalculatorA\AssemblyFiles\Windows\VisualStudio_10\Eco.CalculatorA\DynamicDebug\mt.write.1.tlog
C:\Users\Kirill\Desktop\TEST\Eco.Lab2\Eco.CalculatorA\AssemblyFiles\Windows\VisualStudio_10\Eco.CalculatorA\DynamicDebug\vc100.idb
C:\USERS\KIRILL\DESKTOP\TEST\ECO.LAB2\ECO.CALCULATORA\ASSEMBLYFILES\WINDOWS\VISUALSTUDIO_10\ECO.CALCULATORA\DYNAMICDEBUG\VC100.PDB
C:\USERS\KIRILL\DESKTOP\TEST\ECO.LAB2\ECO.CALCULATORA\BUILDFILES\WINDOWS\X86\DYNAMICDEBUG\4828F6552E4540E78121EBD220DC360E.DLL
C:\USERS\KIRILL\DESKTOP\TEST\ECO.LAB2\ECO.CALCULATORA\BUILDFILES\WINDOWS\X86\DYNAMICDEBUG\4828F6552E4540E78121EBD220DC360E.ILK
C:\Users\Kirill\Desktop\TEST\Eco.Lab2\Eco.Lab1\AssemblyFiles\Windows\VisualStudio_10\Eco.CalculatorA\DynamicDebug\4828F6552E4540E78121EBD220DC360E.exp
C:\Users\Kirill\Desktop\TEST\Eco.Lab2\Eco.Lab1\AssemblyFiles\Windows\VisualStudio_10\Eco.CalculatorA\DynamicDebug\4828F6552E4540E78121EBD220DC360E.lib
C:\USERS\KIRILL\DESKTOP\TEST\ECO.LAB2\ECO.LAB1\ASSEMBLYFILES\WINDOWS\VISUALSTUDIO_10\ECO.CALCULATORA\DYNAMICDEBUG\4828F6552E4540E78121EBD220DC360E.PDB
