C:\USERS\KIRILL\DESKTOP\TEST\ECO.LAB2\ECO.CALCULATORD\ASSEMBLYFILES\WINDOWS\VISUALSTUDIO_10\ECO.CALCULATORD\DYNAMICDEBUG\3A8E44677E82475CB4A3719ED8397E61.DLL.INTERMEDIATE.MANIFEST
C:\USERS\KIRILL\DESKTOP\TEST\ECO.LAB2\ECO.CALCULATORD\ASSEMBLYFILES\WINDOWS\VISUALSTUDIO_10\ECO.CALCULATORD\DYNAMICDEBUG\CECOCALCULATORD.OBJ
C:\USERS\KIRILL\DESKTOP\TEST\ECO.LAB2\ECO.CALCULATORD\ASSEMBLYFILES\WINDOWS\VISUALSTUDIO_10\ECO.CALCULATORD\DYNAMICDEBUG\CECOCALCULATORDFACTORY.OBJ
C:\Users\Kirill\Desktop\TEST\Eco.Lab2\Eco.CalculatorD\AssemblyFiles\Windows\VisualStudio_10\Eco.CalculatorD\DynamicDebug\cl.command.1.tlog
C:\Users\Kirill\Desktop\TEST\Eco.Lab2\Eco.CalculatorD\AssemblyFiles\Windows\VisualStudio_10\Eco.CalculatorD\DynamicDebug\CL.read.1.tlog
C:\Users\Kirill\Desktop\TEST\Eco.Lab2\Eco.CalculatorD\AssemblyFiles\Windows\VisualStudio_10\Eco.CalculatorD\DynamicDebug\CL.write.1.tlog
C:\Users\Kirill\Desktop\TEST\Eco.Lab2\Eco.CalculatorD\AssemblyFiles\Windows\VisualStudio_10\Eco.CalculatorD\DynamicDebug\Eco.CalculatorD.write.1.tlog
C:\Users\Kirill\Desktop\TEST\Eco.Lab2\Eco.CalculatorD\AssemblyFiles\Windows\VisualStudio_10\Eco.CalculatorD\DynamicDebug\link.command.1.tlog
C:\Users\Kirill\Desktop\TEST\Eco.Lab2\Eco.CalculatorD\AssemblyFiles\Windows\VisualStudio_10\Eco.CalculatorD\DynamicDebug\link.read.1.tlog
C:\Users\Kirill\Desktop\TEST\Eco.Lab2\Eco.CalculatorD\AssemblyFiles\Windows\VisualStudio_10\Eco.CalculatorD\DynamicDebug\link.write.1.tlog
C:\Users\Kirill\Desktop\TEST\Eco.Lab2\Eco.CalculatorD\AssemblyFiles\Windows\VisualStudio_10\Eco.CalculatorD\DynamicDebug\mt.command.1.tlog
C:\Users\Kirill\Desktop\TEST\Eco.Lab2\Eco.CalculatorD\AssemblyFiles\Windows\VisualStudio_10\Eco.CalculatorD\DynamicDebug\mt.read.1.tlog
C:\Users\Kirill\Desktop\TEST\Eco.Lab2\Eco.CalculatorD\AssemblyFiles\Windows\VisualStudio_10\Eco.CalculatorD\DynamicDebug\mt.write.1.tlog
C:\Users\Kirill\Desktop\TEST\Eco.Lab2\Eco.CalculatorD\AssemblyFiles\Windows\VisualStudio_10\Eco.CalculatorD\DynamicDebug\vc100.idb
C:\USERS\KIRILL\DESKTOP\TEST\ECO.LAB2\ECO.CALCULATORD\ASSEMBLYFILES\WINDOWS\VISUALSTUDIO_10\ECO.CALCULATORD\DYNAMICDEBUG\VC100.PDB
C:\USERS\KIRILL\DESKTOP\TEST\ECO.LAB2\ECO.CALCULATORD\BUILDFILES\WINDOWS\X86\DYNAMICDEBUG\3A8E44677E82475CB4A3719ED8397E61.DLL
C:\USERS\KIRILL\DESKTOP\TEST\ECO.LAB2\ECO.CALCULATORD\BUILDFILES\WINDOWS\X86\DYNAMICDEBUG\3A8E44677E82475CB4A3719ED8397E61.ILK
C:\Users\Kirill\Desktop\TEST\Eco.Lab2\Eco.Lab1\AssemblyFiles\Windows\VisualStudio_10\Eco.CalculatorD\DynamicDebug\3A8E44677E82475CB4A3719ED8397E61.exp
C:\Users\Kirill\Desktop\TEST\Eco.Lab2\Eco.Lab1\AssemblyFiles\Windows\VisualStudio_10\Eco.CalculatorD\DynamicDebug\3A8E44677E82475CB4A3719ED8397E61.lib
C:\USERS\KIRILL\DESKTOP\TEST\ECO.LAB2\ECO.LAB1\ASSEMBLYFILES\WINDOWS\VISUALSTUDIO_10\ECO.CALCULATORD\DYNAMICDEBUG\3A8E44677E82475CB4A3719ED8397E61.PDB
