C:\USERS\KIRILL\DESKTOP\TEST\ECO.LAB2\ECO.CALCULATORB\ASSEMBLYFILES\WINDOWS\VISUALSTUDIO_10\ECO.CALCULATORB\DYNAMICDEBUG\AE202E543CE54550899603BD70C62565.DLL.INTERMEDIATE.MANIFEST
C:\USERS\KIRILL\DESKTOP\TEST\ECO.LAB2\ECO.CALCULATORB\ASSEMBLYFILES\WINDOWS\VISUALSTUDIO_10\ECO.CALCULATORB\DYNAMICDEBUG\CECOCALCULATORB.OBJ
C:\USERS\KIRILL\DESKTOP\TEST\ECO.LAB2\ECO.CALCULATORB\ASSEMBLYFILES\WINDOWS\VISUALSTUDIO_10\ECO.CALCULATORB\DYNAMICDEBUG\CECOCALCULATORBFACTORY.OBJ
C:\Users\Kirill\Desktop\TEST\Eco.Lab2\Eco.CalculatorB\AssemblyFiles\Windows\VisualStudio_10\Eco.CalculatorB\DynamicDebug\cl.command.1.tlog
C:\Users\Kirill\Desktop\TEST\Eco.Lab2\Eco.CalculatorB\AssemblyFiles\Windows\VisualStudio_10\Eco.CalculatorB\DynamicDebug\CL.read.1.tlog
C:\Users\Kirill\Desktop\TEST\Eco.Lab2\Eco.CalculatorB\AssemblyFiles\Windows\VisualStudio_10\Eco.CalculatorB\DynamicDebug\CL.write.1.tlog
C:\Users\Kirill\Desktop\TEST\Eco.Lab2\Eco.CalculatorB\AssemblyFiles\Windows\VisualStudio_10\Eco.CalculatorB\DynamicDebug\Eco.CalculatorB.write.1.tlog
C:\Users\Kirill\Desktop\TEST\Eco.Lab2\Eco.CalculatorB\AssemblyFiles\Windows\VisualStudio_10\Eco.CalculatorB\DynamicDebug\link.command.1.tlog
C:\Users\Kirill\Desktop\TEST\Eco.Lab2\Eco.CalculatorB\AssemblyFiles\Windows\VisualStudio_10\Eco.CalculatorB\DynamicDebug\link.read.1.tlog
C:\Users\Kirill\Desktop\TEST\Eco.Lab2\Eco.CalculatorB\AssemblyFiles\Windows\VisualStudio_10\Eco.CalculatorB\DynamicDebug\link.write.1.tlog
C:\Users\Kirill\Desktop\TEST\Eco.Lab2\Eco.CalculatorB\AssemblyFiles\Windows\VisualStudio_10\Eco.CalculatorB\DynamicDebug\mt.command.1.tlog
C:\Users\Kirill\Desktop\TEST\Eco.Lab2\Eco.CalculatorB\AssemblyFiles\Windows\VisualStudio_10\Eco.CalculatorB\DynamicDebug\mt.read.1.tlog
C:\Users\Kirill\Desktop\TEST\Eco.Lab2\Eco.CalculatorB\AssemblyFiles\Windows\VisualStudio_10\Eco.CalculatorB\DynamicDebug\mt.write.1.tlog
C:\Users\Kirill\Desktop\TEST\Eco.Lab2\Eco.CalculatorB\AssemblyFiles\Windows\VisualStudio_10\Eco.CalculatorB\DynamicDebug\vc100.idb
C:\USERS\KIRILL\DESKTOP\TEST\ECO.LAB2\ECO.CALCULATORB\ASSEMBLYFILES\WINDOWS\VISUALSTUDIO_10\ECO.CALCULATORB\DYNAMICDEBUG\VC100.PDB
C:\USERS\KIRILL\DESKTOP\TEST\ECO.LAB2\ECO.CALCULATORB\BUILDFILES\WINDOWS\X86\DYNAMICDEBUG\AE202E543CE54550899603BD70C62565.DLL
C:\USERS\KIRILL\DESKTOP\TEST\ECO.LAB2\ECO.CALCULATORB\BUILDFILES\WINDOWS\X86\DYNAMICDEBUG\AE202E543CE54550899603BD70C62565.ILK
C:\Users\Kirill\Desktop\TEST\Eco.Lab2\Eco.Lab1\AssemblyFiles\Windows\VisualStudio_10\Eco.CalculatorB\DynamicDebug\AE202E543CE54550899603BD70C62565.exp
C:\Users\Kirill\Desktop\TEST\Eco.Lab2\Eco.Lab1\AssemblyFiles\Windows\VisualStudio_10\Eco.CalculatorB\DynamicDebug\AE202E543CE54550899603BD70C62565.lib
C:\USERS\KIRILL\DESKTOP\TEST\ECO.LAB2\ECO.LAB1\ASSEMBLYFILES\WINDOWS\VISUALSTUDIO_10\ECO.CALCULATORB\DYNAMICDEBUG\AE202E543CE54550899603BD70C62565.PDB
