Build started 10/30/2025 11:13:11 PM.
     1>Project "C:\Users\Kirill\Desktop\TEST\Eco.Lab2\Eco.CalculatorB\AssemblyFiles\Windows\VisualStudio_10\Eco.CalculatorB.vcxproj" on node 5 (rebuild target(s)).
     1>_PrepareForClean:
         Deleting file "Eco.CalculatorB\DynamicDebug\Eco.CalculatorB.lastbuildstate".
       InitializeBuildStatus:
         Creating "Eco.CalculatorB\DynamicDebug\Eco.CalculatorB.unsuccessfulbuild" because "AlwaysCreate" was specified.
       ClCompile:
         C:\Program Files (x86)\Microsoft Visual Studio 10.0\VC\bin\CL.exe /c /I..\..\..\HeaderFiles /I..\..\..\SharedFiles /IC:\Users\Kirill\Desktop\TEST\Eco.Framework\Eco.Core1\SharedFiles /IC:\Users\Kirill\Desktop\TEST\Eco.Framework\Eco.MemoryManager1\SharedFiles /IC:\Users\Kirill\Desktop\TEST\Eco.Framework\Eco.InterfaceBus1\SharedFiles /ZI /nologo /W3 /WX- /Od /Oy- /D ECO_WINDOWS /D ECO_WIN32 /D ECO_X86_32 /D _DEBUG /D _WINDOWS /D ECO_DLL /D UGUID_UTILITY /D _WINDLL /D _UNICODE /D UNICODE /Gm /EHsc /RTC1 /MTd /GS /fp:precise /Zc:wchar_t /Zc:forScope /Fo"Eco.CalculatorB\DynamicDebug\\" /Fd"Eco.CalculatorB\DynamicDebug\vc100.pdb" /Gz /TC /analyze- /errorReport:prompt ..\..\..\SourceFiles\CEcoCalculatorB.c ..\..\..\SourceFiles\CEcoCalculatorBFactory.c
         CEcoCalculatorBFactory.c
         CEcoCalculatorB.c
         Generating Code...
     1>C:\Program Files (x86)\MSBuild\Microsoft.Cpp\v4.0\Microsoft.CppBuild.targets(990,5): warning MSB8012: TargetPath(C:\Users\Kirill\Desktop\TEST\Eco.Lab2\Eco.Lab1\AssemblyFiles\Windows\VisualStudio_10\Eco.CalculatorB\DynamicDebug\AE202E543CE54550899603BD70C62565.dll) does not match the Linker's OutputFile property value (C:\Users\Kirill\Desktop\TEST\Eco.Lab2\Eco.CalculatorB\BuildFiles\Windows\x86\DynamicDebug\AE202E543CE54550899603BD70C62565.dll). This may cause your project to build incorrectly. To correct this, please make sure that $(OutDir), $(TargetName) and $(TargetExt) property values match the value specified in %(Link.OutputFile).
       Link:
         C:\Program Files (x86)\Microsoft Visual Studio 10.0\VC\bin\link.exe /ERRORREPORT:PROMPT /OUT:"..\..\..\BuildFiles\Windows\x86\DynamicDebug\AE202E543CE54550899603BD70C62565.dll" /VERSION:"1.0" /NOLOGO kernel32.lib user32.lib gdi32.lib winspool.lib comdlg32.lib advapi32.lib shell32.lib ole32.lib oleaut32.lib uuid.lib odbc32.lib odbccp32.lib /MANIFEST /ManifestFile:"Eco.CalculatorB\DynamicDebug\AE202E543CE54550899603BD70C62565.dll.intermediate.manifest" /MANIFESTUAC:"level='asInvoker' uiAccess='false'" /DEBUG /PDB:"C:\Users\Kirill\Desktop\TEST\Eco.Lab2\Eco.Lab1\AssemblyFiles\Windows\VisualStudio_10\Eco.CalculatorB\DynamicDebug\AE202E543CE54550899603BD70C62565.pdb" /SUBSYSTEM:WINDOWS /TLBID:1 /DYNAMICBASE /NXCOMPAT /IMPLIB:"C:\Users\Kirill\Desktop\TEST\Eco.Lab2\Eco.Lab1\AssemblyFiles\Windows\VisualStudio_10\Eco.CalculatorB\DynamicDebug\AE202E543CE54550899603BD70C62565.lib" /MACHINE:X86 /DLL Eco.CalculatorB\DynamicDebug\CEcoCalculatorB.obj
         Eco.CalculatorB\DynamicDebug\CEcoCalculatorBFactory.obj
            Creating library C:\Users\Kirill\Desktop\TEST\Eco.Lab2\Eco.Lab1\AssemblyFiles\Windows\VisualStudio_10\Eco.CalculatorB\DynamicDebug\AE202E543CE54550899603BD70C62565.lib and object C:\Users\Kirill\Desktop\TEST\Eco.Lab2\Eco.Lab1\AssemblyFiles\Windows\VisualStudio_10\Eco.CalculatorB\DynamicDebug\AE202E543CE54550899603BD70C62565.exp
         Eco.CalculatorB.vcxproj -> C:\Users\Kirill\Desktop\TEST\Eco.Lab2\Eco.Lab1\AssemblyFiles\Windows\VisualStudio_10\Eco.CalculatorB\DynamicDebug\AE202E543CE54550899603BD70C62565.dll
       Manifest:
         C:\Program Files (x86)\Microsoft SDKs\Windows\v7.0A\bin\mt.exe /nologo /verbose /outputresource:"..\..\..\BuildFiles\Windows\x86\DynamicDebug\AE202E543CE54550899603BD70C62565.dll;#2" /manifest Eco.CalculatorB\DynamicDebug\AE202E543CE54550899603BD70C62565.dll.intermediate.manifest
       FinalizeBuildStatus:
         Deleting file "Eco.CalculatorB\DynamicDebug\Eco.CalculatorB.unsuccessfulbuild".
         Touching "Eco.CalculatorB\DynamicDebug\Eco.CalculatorB.lastbuildstate".
     1>Done Building Project "C:\Users\Kirill\Desktop\TEST\Eco.Lab2\Eco.CalculatorB\AssemblyFiles\Windows\VisualStudio_10\Eco.CalculatorB.vcxproj" (rebuild target(s)).

Build succeeded.

Time Elapsed 00:00:02.63
