C:\USERS\KIRILL\DESKTOP\TEST\ECO.LAB2\ECO.LAB1\ASSEMBLYFILES\WINDOWS\VISUALSTUDIO_10\ECO.LAB1\DYNAMICDEBUG\1F5DF16EE1BF43B999A434ED38FE8F3A.DLL.INTERMEDIATE.MANIFEST
C:\Users\Kirill\Desktop\TEST\Eco.Lab2\Eco.Lab1\AssemblyFiles\Windows\VisualStudio_10\Eco.Lab1\DynamicDebug\1F5DF16EE1BF43B999A434ED38FE8F3A.exp
C:\Users\Kirill\Desktop\TEST\Eco.Lab2\Eco.Lab1\AssemblyFiles\Windows\VisualStudio_10\Eco.Lab1\DynamicDebug\1F5DF16EE1BF43B999A434ED38FE8F3A.lib
C:\USERS\KIRILL\DESKTOP\TEST\ECO.LAB2\ECO.LAB1\ASSEMBLYFILES\WINDOWS\VISUALSTUDIO_10\ECO.LAB1\DYNAMICDEBUG\1F5DF16EE1BF43B999A434ED38FE8F3A.PDB
C:\USERS\KIRILL\DESKTOP\TEST\ECO.LAB2\ECO.LAB1\ASSEMBLYFILES\WINDOWS\VISUALSTUDIO_10\ECO.LAB1\DYNAMICDEBUG\CECOLAB1.OBJ
C:\USERS\KIRILL\DESKTOP\TEST\ECO.LAB2\ECO.LAB1\ASSEMBLYFILES\WINDOWS\VISUALSTUDIO_10\ECO.LAB1\DYNAMICDEBUG\CECOLAB1FACTORY.OBJ
C:\Users\Kirill\Desktop\TEST\Eco.Lab2\Eco.Lab1\AssemblyFiles\Windows\VisualStudio_10\Eco.Lab1\DynamicDebug\cl.command.1.tlog
C:\Users\Kirill\Desktop\TEST\Eco.Lab2\Eco.Lab1\AssemblyFiles\Windows\VisualStudio_10\Eco.Lab1\DynamicDebug\CL.read.1.tlog
C:\Users\Kirill\Desktop\TEST\Eco.Lab2\Eco.Lab1\AssemblyFiles\Windows\VisualStudio_10\Eco.Lab1\DynamicDebug\CL.write.1.tlog
C:\Users\Kirill\Desktop\TEST\Eco.Lab2\Eco.Lab1\AssemblyFiles\Windows\VisualStudio_10\Eco.Lab1\DynamicDebug\Eco.Lab1.write.1.tlog
C:\Users\Kirill\Desktop\TEST\Eco.Lab2\Eco.Lab1\AssemblyFiles\Windows\VisualStudio_10\Eco.Lab1\DynamicDebug\link.command.1.tlog
C:\Users\Kirill\Desktop\TEST\Eco.Lab2\Eco.Lab1\AssemblyFiles\Windows\VisualStudio_10\Eco.Lab1\DynamicDebug\link.read.1.tlog
C:\Users\Kirill\Desktop\TEST\Eco.Lab2\Eco.Lab1\AssemblyFiles\Windows\VisualStudio_10\Eco.Lab1\DynamicDebug\link.write.1.tlog
C:\Users\Kirill\Desktop\TEST\Eco.Lab2\Eco.Lab1\AssemblyFiles\Windows\VisualStudio_10\Eco.Lab1\DynamicDebug\mt.command.1.tlog
C:\Users\Kirill\Desktop\TEST\Eco.Lab2\Eco.Lab1\AssemblyFiles\Windows\VisualStudio_10\Eco.Lab1\DynamicDebug\mt.read.1.tlog
C:\Users\Kirill\Desktop\TEST\Eco.Lab2\Eco.Lab1\AssemblyFiles\Windows\VisualStudio_10\Eco.Lab1\DynamicDebug\mt.write.1.tlog
C:\Users\Kirill\Desktop\TEST\Eco.Lab2\Eco.Lab1\AssemblyFiles\Windows\VisualStudio_10\Eco.Lab1\DynamicDebug\vc100.idb
C:\USERS\KIRILL\DESKTOP\TEST\ECO.LAB2\ECO.LAB1\ASSEMBLYFILES\WINDOWS\VISUALSTUDIO_10\ECO.LAB1\DYNAMICDEBUG\VC100.PDB
C:\USERS\KIRILL\DESKTOP\TEST\ECO.LAB2\ECO.LAB1\BUILDFILES\WINDOWS\X86\DYNAMICDEBUG\1F5DF16EE1BF43B999A434ED38FE8F3A.DLL
C:\USERS\KIRILL\DESKTOP\TEST\ECO.LAB2\ECO.LAB1\BUILDFILES\WINDOWS\X86\DYNAMICDEBUG\1F5DF16EE1BF43B999A434ED38FE8F3A.ILK
